Arguments: 
  /usr/bin/node /usr/share/yarn/bin/yarn.js add --save firebase

PATH: 
  /home/machine/bin:/home/machine/.local/bin:/home/machine/bin:/home/machine/.local/bin:/usr/local/sbin:/usr/local/bin:/usr/sbin:/usr/bin:/sbin:/bin:/usr/games:/usr/local/games:/snap/bin:/usr/lib/jvm/java-8-oracle/bin:/usr/lib/jvm/java-8-oracle/db/bin:/usr/lib/jvm/java-8-oracle/jre/bin:/usr/lib/jvm/java-8-oracle/bin:/usr/lib/jvm/java-8-oracle/db/bin:/usr/lib/jvm/java-8-oracle/jre/bin:/home/machine/Android/Sdk/tools:/home/machine/Android/Sdk/platform-tools:/home/machine/Android/Sdk/tools:/home/machine/Android/Sdk/platform-tools

Yarn version: 
  1.5.1

Node version: 
  8.10.0

Platform: 
  linux x64

npm manifest: 
  {
    "main": "node_modules/expo/AppEntry.js",
    "private": true,
    "dependencies": {
      "expo": "^25.0.0",
      "react": "16.2.0",
      "react-native": "https://github.com/expo/react-native/archive/sdk-25.0.0.tar.gz"
    }
  }

yarn manifest: 
  No manifest

Lockfile: 
  No lockfile

Trace: 
  Error: Missing list of packages to add to your project.
      at new MessageError (/usr/share/yarn/lib/cli.js:186:110)
      at Object.<anonymous> (/usr/share/yarn/lib/cli.js:40587:13)
      at Generator.next (<anonymous>)
      at step (/usr/share/yarn/lib/cli.js:98:30)
      at /usr/share/yarn/lib/cli.js:116:14
      at new Promise (<anonymous>)
      at new F (/usr/share/yarn/lib/cli.js:23451:28)
      at Object.<anonymous> (/usr/share/yarn/lib/cli.js:95:12)
      at Object.run (/usr/share/yarn/lib/cli.js:40599:19)
      at run (/usr/share/yarn/lib/cli.js:89113:20)
